<?xml version="1.0" encoding="UTF-8"?>
<!-- Generated by org.testng.reporters.JUnitXMLReporter -->
<testsuite ignored="7" hostname="DESKTOP-4LBHP9U" failures="2" tests="9" name="Test" time="389.963" errors="0" timestamp="2022-07-01T15:46:37 IST">
  <testcase classname="com.apmdemo.testcases.PreferenceWifi_Setting_Test" name="@BeforeMethod setUp" time="42.774">
    <failure type="org.openqa.selenium.NoSuchElementException" message="Can&amp;apos;t locate an element by this strategy: By.chained({By.xpath: //android.widget.TextView[@text=&amp;apos;Preference&amp;apos;]})">
      <![CDATA[org.openqa.selenium.NoSuchElementException: Can't locate an element by this strategy: By.chained({By.xpath: //android.widget.TextView[@text='Preference']})
at io.appium.java_client.pagefactory.AppiumElementLocator.findElement(AppiumElementLocator.java:126)
at io.appium.java_client.pagefactory.interceptors.InterceptorOfASingleElement.intercept(InterceptorOfASingleElement.java:59)
at io.appium.java_client.android.AndroidElement$$EnhancerByCGLIB$$b598166c.click(<generated>)
at com.apmdemo.pages.Homepage.preferenceClick(Homepage.java:32)
at com.apmdemo.testcases.PreferenceWifi_Setting_Test.setUp(PreferenceWifi_Setting_Test.java:31)
at java.base/java.util.ArrayList.forEach(ArrayList.java:1540)
Caused by: org.openqa.selenium.TimeoutException: Expected condition failed: waiting for io.appium.java_client.pagefactory.AppiumElementLocator$WaitingFunction@11bd803 (tried for 1 second(s) with 500 milliseconds interval)
at org.openqa.selenium.support.ui.FluentWait.timeoutException(FluentWait.java:304)
at org.openqa.selenium.support.ui.FluentWait.until(FluentWait.java:272)
at io.appium.java_client.pagefactory.AppiumElementLocator.waitFor(AppiumElementLocator.java:99)
at io.appium.java_client.pagefactory.AppiumElementLocator.findElement(AppiumElementLocator.java:119)
... 40 more
Caused by: org.openqa.selenium.NoSuchElementException: Cannot locate an element using By.chained({By.xpath: //android.widget.TextView[@text='Preference']})
For documentation on this error, please visit: https://www.seleniumhq.org/exceptions/no_such_element.html
Build info: version: '3.141.59', revision: 'e82be7d358', time: '2018-11-14T08:17:03'
System info: host: 'DESKTOP-4LBHP9U', ip: '192.168.3.2', os.name: 'Windows 10', os.arch: 'amd64', os.version: '10.0', java.version: '11.0.2'
Driver info: driver.version: AndroidDriver
at io.appium.java_client.pagefactory.bys.builder.ByChained.findElement(ByChained.java:74)
at org.openqa.selenium.remote.RemoteWebDriver.findElement(RemoteWebDriver.java:315)
at io.appium.java_client.DefaultGenericMobileDriver.findElement(DefaultGenericMobileDriver.java:57)
at io.appium.java_client.AppiumDriver.findElement(AppiumDriver.java:1)
at io.appium.java_client.android.AndroidDriver.findElement(AndroidDriver.java:1)
at io.appium.java_client.pagefactory.bys.ContentMappedBy.findElement(ContentMappedBy.java:50)
at org.openqa.selenium.remote.RemoteWebDriver.findElement(RemoteWebDriver.java:315)
at io.appium.java_client.DefaultGenericMobileDriver.findElement(DefaultGenericMobileDriver.java:57)
at io.appium.java_client.AppiumDriver.findElement(AppiumDriver.java:1)
at io.appium.java_client.android.AndroidDriver.findElement(AndroidDriver.java:1)
at io.appium.java_client.pagefactory.AppiumElementLocator.lambda$0(AppiumElementLocator.java:120)
at io.appium.java_client.pagefactory.AppiumElementLocator$WaitingFunction.apply(AppiumElementLocator.java:172)
at io.appium.java_client.pagefactory.AppiumElementLocator$WaitingFunction.apply(AppiumElementLocator.java:1)
at org.openqa.selenium.support.ui.FluentWait.until(FluentWait.java:249)
... 42 more
... Removed 35 stack frames]]>
    </failure>
  </testcase> <!-- @BeforeMethod setUp -->
  <testcase classname="com.apmdemo.testcases.PreferenceWifi_Setting_Test" name="@AfterMethod tearDown" time="0.0">
    <skipped/>
  </testcase> <!-- @AfterMethod tearDown -->
  <testcase classname="com.apmdemo.testcases.Preference_dependenciesTest" name="dependenciesLinkClick" time="2.884"/>
  <testcase classname="com.apmdemo.testcases.Expandable_List_Test" name="tapOnExpandableListsTest" time="1.966"/>
  <testcase classname="com.apmdemo.testcases.Date_Time_widget_Test" name="tapOn_Change_Date_Test" time="12.432">
    <failure type="org.openqa.selenium.NoSuchElementException" message="Can&amp;apos;t locate an element by this strategy: By.chained({By.xpath: //android.widget.Button[@text=&amp;apos;O&amp;apos;]})">
      <![CDATA[org.openqa.selenium.NoSuchElementException: Can't locate an element by this strategy: By.chained({By.xpath: //android.widget.Button[@text='O']})
at io.appium.java_client.pagefactory.AppiumElementLocator.findElement(AppiumElementLocator.java:126)
at io.appium.java_client.pagefactory.interceptors.InterceptorOfASingleElement.intercept(InterceptorOfASingleElement.java:59)
at io.appium.java_client.android.AndroidElement$$EnhancerByCGLIB$$b598166c.click(<generated>)
at com.apmdemo.pages.Date_Time_widget.close_the_Date_PopUp(Date_Time_widget.java:68)
at com.apmdemo.testcases.Date_Time_widget_Test.tapOn_Change_Date_Test(Date_Time_widget_Test.java:36)
at java.base/java.util.ArrayList.forEach(ArrayList.java:1540)
Caused by: org.openqa.selenium.TimeoutException: Expected condition failed: waiting for io.appium.java_client.pagefactory.AppiumElementLocator$WaitingFunction@368d5c00 (tried for 1 second(s) with 500 milliseconds interval)
at org.openqa.selenium.support.ui.FluentWait.timeoutException(FluentWait.java:304)
at org.openqa.selenium.support.ui.FluentWait.until(FluentWait.java:272)
at io.appium.java_client.pagefactory.AppiumElementLocator.waitFor(AppiumElementLocator.java:99)
at io.appium.java_client.pagefactory.AppiumElementLocator.findElement(AppiumElementLocator.java:119)
... 36 more
Caused by: org.openqa.selenium.NoSuchElementException: Cannot locate an element using By.chained({By.xpath: //android.widget.Button[@text='O']})
For documentation on this error, please visit: https://www.seleniumhq.org/exceptions/no_such_element.html
Build info: version: '3.141.59', revision: 'e82be7d358', time: '2018-11-14T08:17:03'
System info: host: 'DESKTOP-4LBHP9U', ip: '192.168.3.2', os.name: 'Windows 10', os.arch: 'amd64', os.version: '10.0', java.version: '11.0.2'
Driver info: driver.version: AndroidDriver
at io.appium.java_client.pagefactory.bys.builder.ByChained.findElement(ByChained.java:74)
at org.openqa.selenium.remote.RemoteWebDriver.findElement(RemoteWebDriver.java:315)
at io.appium.java_client.DefaultGenericMobileDriver.findElement(DefaultGenericMobileDriver.java:57)
at io.appium.java_client.AppiumDriver.findElement(AppiumDriver.java:1)
at io.appium.java_client.android.AndroidDriver.findElement(AndroidDriver.java:1)
at io.appium.java_client.pagefactory.bys.ContentMappedBy.findElement(ContentMappedBy.java:50)
at org.openqa.selenium.remote.RemoteWebDriver.findElement(RemoteWebDriver.java:315)
at io.appium.java_client.DefaultGenericMobileDriver.findElement(DefaultGenericMobileDriver.java:57)
at io.appium.java_client.AppiumDriver.findElement(AppiumDriver.java:1)
at io.appium.java_client.android.AndroidDriver.findElement(AndroidDriver.java:1)
at io.appium.java_client.pagefactory.AppiumElementLocator.lambda$0(AppiumElementLocator.java:120)
at io.appium.java_client.pagefactory.AppiumElementLocator$WaitingFunction.apply(AppiumElementLocator.java:172)
at io.appium.java_client.pagefactory.AppiumElementLocator$WaitingFunction.apply(AppiumElementLocator.java:1)
at org.openqa.selenium.support.ui.FluentWait.until(FluentWait.java:249)
... 38 more
... Removed 31 stack frames]]>
    </failure>
  </testcase> <!-- tapOn_Change_Date_Test -->
  <testcase classname="com.apmdemo.testcases.Date_Time_widget_Test" name="tapOn_Change_Time_Test" time="1.336">
    <failure type="org.openqa.selenium.StaleElementReferenceException" message="The element &amp;apos;By.xpath: //*[@content-desc=&amp;apos;&amp;apos;]&amp;apos; does not exist in DOM anymore
For documentation on this error, please visit: https://www.seleniumhq.org/exceptions/stale_element_reference.html
Build info: version: &amp;apos;3.141.59&amp;apos;, revision: &amp;apos;e82be7d358&amp;apos;, time: &amp;apos;2018-11-14T08:17:03&amp;apos;
System info: host: &amp;apos;DESKTOP-4LBHP9U&amp;apos;, ip: &amp;apos;192.168.3.2&amp;apos;, os.name: &amp;apos;Windows 10&amp;apos;, os.arch: &amp;apos;amd64&amp;apos;, os.version: &amp;apos;10.0&amp;apos;, java.version: &amp;apos;11.0.2&amp;apos;
Driver info: io.appium.java_client.android.AndroidDriver
Capabilities {app: C:\Users\admin\eclipse-work..., appPackage: io.appium.android.apis, automationName: uiautomator2, databaseEnabled: false, desired: {app: C:\Users\admin\eclipse-work..., automationName: uiautomator2, deviceName: Real device , newCommandTimeout: 15, noReset: true, platformName: android}, deviceApiLevel: 25, deviceManufacturer: samsung, deviceModel: SM-G550FY, deviceName: 4200f5fdaa5e442f, deviceScreenDensity: 320, deviceScreenSize: 720x1280, deviceUDID: 4200f5fdaa5e442f, javascriptEnabled: true, locationContextEnabled: false, networkConnectionEnabled: true, newCommandTimeout: 15, noReset: true, pixelRatio: 2, platform: LINUX, platformName: Android, platformVersion: 7.1.1, statBarHeight: 48, takesScreenshot: true, viewportRect: {height: 1232, left: 0, top: 48, width: 720}, warnings: {}, webStorageEnabled: false}
Session ID: d4736884-24ee-4d3a-a112-64d1850e76a5">
      <![CDATA[org.openqa.selenium.StaleElementReferenceException: The element 'By.xpath: //*[@content-desc='']' does not exist in DOM anymore
For documentation on this error, please visit: https://www.seleniumhq.org/exceptions/stale_element_reference.html
Build info: version: '3.141.59', revision: 'e82be7d358', time: '2018-11-14T08:17:03'
System info: host: 'DESKTOP-4LBHP9U', ip: '192.168.3.2', os.name: 'Windows 10', os.arch: 'amd64', os.version: '10.0', java.version: '11.0.2'
Driver info: io.appium.java_client.android.AndroidDriver
Capabilities {app: C:\Users\admin\eclipse-work..., appPackage: io.appium.android.apis, automationName: uiautomator2, databaseEnabled: false, desired: {app: C:\Users\admin\eclipse-work..., automationName: uiautomator2, deviceName: Real device , newCommandTimeout: 15, noReset: true, platformName: android}, deviceApiLevel: 25, deviceManufacturer: samsung, deviceModel: SM-G550FY, deviceName: 4200f5fdaa5e442f, deviceScreenDensity: 320, deviceScreenSize: 720x1280, deviceUDID: 4200f5fdaa5e442f, javascriptEnabled: true, locationContextEnabled: false, networkConnectionEnabled: true, newCommandTimeout: 15, noReset: true, pixelRatio: 2, platform: LINUX, platformName: Android, platformVersion: 7.1.1, statBarHeight: 48, takesScreenshot: true, viewportRect: {height: 1232, left: 0, top: 48, width: 720}, warnings: {}, webStorageEnabled: false}
Session ID: d4736884-24ee-4d3a-a112-64d1850e76a5
at org.openqa.selenium.remote.http.W3CHttpResponseCodec.createException(W3CHttpResponseCodec.java:187)
at org.openqa.selenium.remote.http.W3CHttpResponseCodec.decode(W3CHttpResponseCodec.java:122)
at org.openqa.selenium.remote.http.W3CHttpResponseCodec.decode(W3CHttpResponseCodec.java:49)
at org.openqa.selenium.remote.HttpCommandExecutor.execute(HttpCommandExecutor.java:158)
at io.appium.java_client.remote.AppiumCommandExecutor.execute(AppiumCommandExecutor.java:250)
at org.openqa.selenium.remote.RemoteWebDriver.execute(RemoteWebDriver.java:552)
at io.appium.java_client.DefaultGenericMobileDriver.execute(DefaultGenericMobileDriver.java:41)
at io.appium.java_client.AppiumDriver.execute(AppiumDriver.java:1)
at io.appium.java_client.android.AndroidDriver.execute(AndroidDriver.java:1)
at org.openqa.selenium.remote.RemoteWebElement.execute(RemoteWebElement.java:285)
at io.appium.java_client.DefaultGenericMobileElement.execute(DefaultGenericMobileElement.java:45)
at io.appium.java_client.MobileElement.execute(MobileElement.java:1)
at io.appium.java_client.android.AndroidElement.execute(AndroidElement.java:1)
at org.openqa.selenium.remote.RemoteWebElement.click(RemoteWebElement.java:84)
at io.appium.java_client.pagefactory.ElementInterceptor.getObject(ElementInterceptor.java:40)
at io.appium.java_client.pagefactory.interceptors.InterceptorOfASingleElement.intercept(InterceptorOfASingleElement.java:60)
at io.appium.java_client.android.AndroidElement$$EnhancerByCGLIB$$b598166c.click(<generated>)
at com.apmdemo.pages.Date_Time_widget.clickOn_Time(Date_Time_widget.java:77)
at com.apmdemo.testcases.Date_Time_widget_Test.tapOn_Change_Time_Test(Date_Time_widget_Test.java:42)
at java.base/java.util.ArrayList.forEach(ArrayList.java:1540)
... Removed 39 stack frames]]>
    </failure>
  </testcase> <!-- tapOn_Change_Time_Test -->
  <testcase classname="com.apmdemo.testcases.Custom_Adapter_Test" name="tapOnCustomAdapterTest" time="2.541"/>
  <testcase classname="com.apmdemo.testcases.PreferenceWifi_Setting_Test" name="dependenciesLinkClick" time="0.0">
    <skipped/>
  </testcase> <!-- dependenciesLinkClick -->
  <testcase classname="com.apmdemo.testcases.LongPress_PeopleName_Enable_Alert_Test" name="longPress_Open_Menu_Test" time="3.861"/>
  <testcase classname="com.apmdemo.testcases.HomepageTest" name="viewsLinkClick" time="1.578"/>
  <testcase classname="com.apmdemo.testcases.Drag_and_Drop_Test" name="longpress_Drag_and_DropTest" time="4.96"/>
  <testcase classname="com.apmdemo.base.base" name="@BeforeTest killAllNodes" time="0.0">
    <ignored/>
  </testcase> <!-- @BeforeTest killAllNodes -->
  <testcase classname="com.apmdemo.base.base" name="@BeforeTest killAllNodes" time="0.0">
    <ignored/>
  </testcase> <!-- @BeforeTest killAllNodes -->
  <testcase classname="com.apmdemo.base.base" name="@BeforeTest killAllNodes" time="0.0">
    <ignored/>
  </testcase> <!-- @BeforeTest killAllNodes -->
  <testcase classname="com.apmdemo.base.base" name="@BeforeTest killAllNodes" time="0.0">
    <ignored/>
  </testcase> <!-- @BeforeTest killAllNodes -->
  <testcase classname="com.apmdemo.base.base" name="@BeforeTest killAllNodes" time="0.0">
    <ignored/>
  </testcase> <!-- @BeforeTest killAllNodes -->
  <testcase classname="com.apmdemo.base.base" name="@BeforeTest killAllNodes" time="0.0">
    <ignored/>
  </testcase> <!-- @BeforeTest killAllNodes -->
  <testcase classname="com.apmdemo.base.base" name="@BeforeTest killAllNodes" time="0.0">
    <ignored/>
  </testcase> <!-- @BeforeTest killAllNodes -->
</testsuite> <!-- Test -->
