<?xml version="1.0" encoding="UTF-8"?>
<testng-results ignored="7" total="16" passed="6" failed="3" skipped="0">
  <reporter-output>
  </reporter-output>
  <suite started-at="2022-06-23T13:08:50 IST" name="Suite" finished-at="2022-06-23T13:12:41 IST" duration-ms="231302">
    <groups>
    </groups>
    <test started-at="2022-06-23T13:08:50 IST" name="Test" finished-at="2022-06-23T13:12:41 IST" duration-ms="231302">
      <class name="com.apmdemo.testcases.HomepageTest">
        <test-method is-config="true" signature="setUp()[pri:0, instance:com.apmdemo.testcases.HomepageTest@298a5e20]" started-at="2022-06-23T13:11:55 IST" name="setUp" finished-at="2022-06-23T13:12:09 IST" duration-ms="13086" status="PASS">
          <reporter-output>
          </reporter-output>
        </test-method> <!-- setUp -->
        <test-method signature="viewsLinkClick()[pri:1, instance:com.apmdemo.testcases.HomepageTest@298a5e20]" started-at="2022-06-23T13:12:09 IST" name="viewsLinkClick" finished-at="2022-06-23T13:12:11 IST" duration-ms="2292" status="PASS">
          <reporter-output>
          </reporter-output>
        </test-method> <!-- viewsLinkClick -->
        <test-method is-config="true" signature="tearDown()[pri:0, instance:com.apmdemo.testcases.HomepageTest@298a5e20]" started-at="2022-06-23T13:12:11 IST" name="tearDown" finished-at="2022-06-23T13:12:14 IST" duration-ms="3565" status="PASS">
          <reporter-output>
          </reporter-output>
        </test-method> <!-- tearDown -->
      </class> <!-- com.apmdemo.testcases.HomepageTest -->
      <class name="com.apmdemo.testcases.Preference_dependenciesTest">
        <test-method is-config="true" signature="killAllNodes()[pri:0, instance:com.apmdemo.testcases.Preference_dependenciesTest@55a147cc]" started-at="2022-06-23T13:08:50 IST" name="killAllNodes" finished-at="2022-06-23T13:08:53 IST" duration-ms="3020" status="PASS">
          <reporter-output>
          </reporter-output>
        </test-method> <!-- killAllNodes -->
        <test-method is-config="true" signature="setUp()[pri:0, instance:com.apmdemo.testcases.Preference_dependenciesTest@55a147cc]" started-at="2022-06-23T13:08:53 IST" name="setUp" finished-at="2022-06-23T13:09:12 IST" duration-ms="19096" status="PASS">
          <reporter-output>
          </reporter-output>
        </test-method> <!-- setUp -->
        <test-method signature="dependenciesLinkClick()[pri:1, instance:com.apmdemo.testcases.Preference_dependenciesTest@55a147cc]" started-at="2022-06-23T13:09:12 IST" name="dependenciesLinkClick" finished-at="2022-06-23T13:09:13 IST" duration-ms="1451" status="PASS">
          <reporter-output>
          </reporter-output>
        </test-method> <!-- dependenciesLinkClick -->
        <test-method is-config="true" signature="tearDown()[pri:0, instance:com.apmdemo.testcases.Preference_dependenciesTest@55a147cc]" started-at="2022-06-23T13:09:13 IST" name="tearDown" finished-at="2022-06-23T13:09:17 IST" duration-ms="3671" status="PASS">
          <reporter-output>
          </reporter-output>
        </test-method> <!-- tearDown -->
      </class> <!-- com.apmdemo.testcases.Preference_dependenciesTest -->
      <class name="com.apmdemo.testcases.Custom_Adapter_Test">
        <test-method is-config="true" signature="setUp()[pri:0, instance:com.apmdemo.testcases.Custom_Adapter_Test@3e27aa33]" started-at="2022-06-23T13:10:36 IST" name="setUp" finished-at="2022-06-23T13:10:52 IST" duration-ms="16370" status="PASS">
          <reporter-output>
          </reporter-output>
        </test-method> <!-- setUp -->
        <test-method signature="tapOnCustomAdapterTest()[pri:1, instance:com.apmdemo.testcases.Custom_Adapter_Test@3e27aa33]" started-at="2022-06-23T13:10:52 IST" name="tapOnCustomAdapterTest" finished-at="2022-06-23T13:10:53 IST" duration-ms="1144" status="PASS">
          <reporter-output>
          </reporter-output>
        </test-method> <!-- tapOnCustomAdapterTest -->
        <test-method is-config="true" signature="tearDown()[pri:0, instance:com.apmdemo.testcases.Custom_Adapter_Test@3e27aa33]" started-at="2022-06-23T13:10:53 IST" name="tearDown" finished-at="2022-06-23T13:10:57 IST" duration-ms="3560" status="PASS">
          <reporter-output>
          </reporter-output>
        </test-method> <!-- tearDown -->
      </class> <!-- com.apmdemo.testcases.Custom_Adapter_Test -->
      <class name="com.apmdemo.testcases.PreferenceWifi_Setting_Test">
        <test-method is-config="true" signature="setUp()[pri:0, instance:com.apmdemo.testcases.PreferenceWifi_Setting_Test@2e385cce]" started-at="2022-06-23T13:10:57 IST" name="setUp" finished-at="2022-06-23T13:11:14 IST" duration-ms="16885" status="PASS">
          <reporter-output>
          </reporter-output>
        </test-method> <!-- setUp -->
        <test-method signature="dependenciesLinkClick()[pri:0, instance:com.apmdemo.testcases.PreferenceWifi_Setting_Test@2e385cce]" started-at="2022-06-23T13:11:14 IST" name="dependenciesLinkClick" finished-at="2022-06-23T13:11:25 IST" duration-ms="11135" status="FAIL">
          <exception class="org.openqa.selenium.NoSuchElementException">
            <message>
              <![CDATA[Can't locate an element by this strategy: By.chained({By.xpath: //android.widget.TextView[@text='WiFi set']})]]>
            </message>
            <full-stacktrace>
              <![CDATA[org.openqa.selenium.NoSuchElementException: Can't locate an element by this strategy: By.chained({By.xpath: //android.widget.TextView[@text='WiFi set']})
at io.appium.java_client.pagefactory.AppiumElementLocator.findElement(AppiumElementLocator.java:126)
at io.appium.java_client.pagefactory.interceptors.InterceptorOfASingleElement.intercept(InterceptorOfASingleElement.java:59)
at io.appium.java_client.android.AndroidElement$$EnhancerByCGLIB$$b598166c.click(<generated>)
at com.apmdemo.pages.PreferenceWifi_Setting.wifisettetingClick(PreferenceWifi_Setting.java:46)
at com.apmdemo.testcases.PreferenceWifi_Setting_Test.dependenciesLinkClick(PreferenceWifi_Setting_Test.java:54)
at java.base/jdk.internal.reflect.NativeMethodAccessorImpl.invoke0(Native Method)
at java.base/jdk.internal.reflect.NativeMethodAccessorImpl.invoke(NativeMethodAccessorImpl.java:62)
at java.base/jdk.internal.reflect.DelegatingMethodAccessorImpl.invoke(DelegatingMethodAccessorImpl.java:43)
at java.base/java.lang.reflect.Method.invoke(Method.java:566)
at org.testng.internal.invokers.MethodInvocationHelper.invokeMethod(MethodInvocationHelper.java:135)
at org.testng.internal.invokers.TestInvoker.invokeMethod(TestInvoker.java:673)
at org.testng.internal.invokers.TestInvoker.invokeTestMethod(TestInvoker.java:220)
at org.testng.internal.invokers.MethodRunner.runInSequence(MethodRunner.java:50)
at org.testng.internal.invokers.TestInvoker$MethodInvocationAgent.invoke(TestInvoker.java:945)
at org.testng.internal.invokers.TestInvoker.invokeTestMethods(TestInvoker.java:193)
at org.testng.internal.invokers.TestMethodWorker.invokeTestMethods(TestMethodWorker.java:146)
at org.testng.internal.invokers.TestMethodWorker.run(TestMethodWorker.java:128)
at java.base/java.util.ArrayList.forEach(ArrayList.java:1540)
at org.testng.TestRunner.privateRun(TestRunner.java:808)
at org.testng.TestRunner.run(TestRunner.java:603)
at org.testng.SuiteRunner.runTest(SuiteRunner.java:429)
at org.testng.SuiteRunner.runSequentially(SuiteRunner.java:423)
at org.testng.SuiteRunner.privateRun(SuiteRunner.java:383)
at org.testng.SuiteRunner.run(SuiteRunner.java:326)
at org.testng.SuiteRunnerWorker.runSuite(SuiteRunnerWorker.java:52)
at org.testng.SuiteRunnerWorker.run(SuiteRunnerWorker.java:95)
at org.testng.TestNG.runSuitesSequentially(TestNG.java:1249)
at org.testng.TestNG.runSuitesLocally(TestNG.java:1169)
at org.testng.TestNG.runSuites(TestNG.java:1092)
at org.testng.TestNG.run(TestNG.java:1060)
at org.testng.remote.AbstractRemoteTestNG.run(AbstractRemoteTestNG.java:115)
at org.testng.remote.RemoteTestNG.initAndRun(RemoteTestNG.java:251)
at org.testng.remote.RemoteTestNG.main(RemoteTestNG.java:77)
Caused by: org.openqa.selenium.TimeoutException: Expected condition failed: waiting for io.appium.java_client.pagefactory.AppiumElementLocator$WaitingFunction@7159a5cd (tried for 1 second(s) with 500 milliseconds interval)
at org.openqa.selenium.support.ui.FluentWait.timeoutException(FluentWait.java:304)
at org.openqa.selenium.support.ui.FluentWait.until(FluentWait.java:272)
at io.appium.java_client.pagefactory.AppiumElementLocator.waitFor(AppiumElementLocator.java:99)
at io.appium.java_client.pagefactory.AppiumElementLocator.findElement(AppiumElementLocator.java:119)
... 32 more
Caused by: org.openqa.selenium.NoSuchElementException: Cannot locate an element using By.chained({By.xpath: //android.widget.TextView[@text='WiFi set']})
For documentation on this error, please visit: https://www.seleniumhq.org/exceptions/no_such_element.html
Build info: version: '3.141.59', revision: 'e82be7d358', time: '2018-11-14T08:17:03'
System info: host: 'DESKTOP-4LBHP9U', ip: '192.168.3.2', os.name: 'Windows 10', os.arch: 'amd64', os.version: '10.0', java.version: '11.0.2'
Driver info: driver.version: AndroidDriver
at io.appium.java_client.pagefactory.bys.builder.ByChained.findElement(ByChained.java:74)
at org.openqa.selenium.remote.RemoteWebDriver.findElement(RemoteWebDriver.java:315)
at io.appium.java_client.DefaultGenericMobileDriver.findElement(DefaultGenericMobileDriver.java:57)
at io.appium.java_client.AppiumDriver.findElement(AppiumDriver.java:1)
at io.appium.java_client.android.AndroidDriver.findElement(AndroidDriver.java:1)
at io.appium.java_client.pagefactory.bys.ContentMappedBy.findElement(ContentMappedBy.java:50)
at org.openqa.selenium.remote.RemoteWebDriver.findElement(RemoteWebDriver.java:315)
at io.appium.java_client.DefaultGenericMobileDriver.findElement(DefaultGenericMobileDriver.java:57)
at io.appium.java_client.AppiumDriver.findElement(AppiumDriver.java:1)
at io.appium.java_client.android.AndroidDriver.findElement(AndroidDriver.java:1)
at io.appium.java_client.pagefactory.AppiumElementLocator.lambda$0(AppiumElementLocator.java:120)
at io.appium.java_client.pagefactory.AppiumElementLocator$WaitingFunction.apply(AppiumElementLocator.java:172)
at io.appium.java_client.pagefactory.AppiumElementLocator$WaitingFunction.apply(AppiumElementLocator.java:1)
at org.openqa.selenium.support.ui.FluentWait.until(FluentWait.java:249)
... 34 more
]]>
            </full-stacktrace>
          </exception> <!-- org.openqa.selenium.NoSuchElementException -->
          <reporter-output>
          </reporter-output>
        </test-method> <!-- dependenciesLinkClick -->
        <test-method is-config="true" signature="tearDown()[pri:0, instance:com.apmdemo.testcases.PreferenceWifi_Setting_Test@2e385cce]" started-at="2022-06-23T13:11:26 IST" name="tearDown" finished-at="2022-06-23T13:11:30 IST" duration-ms="3689" status="PASS">
          <reporter-output>
          </reporter-output>
        </test-method> <!-- tearDown -->
      </class> <!-- com.apmdemo.testcases.PreferenceWifi_Setting_Test -->
      <class name="com.apmdemo.testcases.Date_Time_widget_Test">
        <test-method is-config="true" signature="setUp()[pri:0, instance:com.apmdemo.testcases.Date_Time_widget_Test@750e2b97]" started-at="2022-06-23T13:09:37 IST" name="setUp" finished-at="2022-06-23T13:09:54 IST" duration-ms="17239" status="PASS">
          <reporter-output>
          </reporter-output>
        </test-method> <!-- setUp -->
        <test-method signature="tapOn_Change_Date_Test()[pri:1, instance:com.apmdemo.testcases.Date_Time_widget_Test@750e2b97]" started-at="2022-06-23T13:09:54 IST" name="tapOn_Change_Date_Test" finished-at="2022-06-23T13:10:07 IST" duration-ms="12933" status="FAIL">
          <exception class="org.openqa.selenium.NoSuchElementException">
            <message>
              <![CDATA[Can't locate an element by this strategy: By.chained({By.xpath: //android.widget.Button[@text='O']})]]>
            </message>
            <full-stacktrace>
              <![CDATA[org.openqa.selenium.NoSuchElementException: Can't locate an element by this strategy: By.chained({By.xpath: //android.widget.Button[@text='O']})
at io.appium.java_client.pagefactory.AppiumElementLocator.findElement(AppiumElementLocator.java:126)
at io.appium.java_client.pagefactory.interceptors.InterceptorOfASingleElement.intercept(InterceptorOfASingleElement.java:59)
at io.appium.java_client.android.AndroidElement$$EnhancerByCGLIB$$b598166c.click(<generated>)
at com.apmdemo.pages.Date_Time_widget.close_the_Date_PopUp(Date_Time_widget.java:68)
at com.apmdemo.testcases.Date_Time_widget_Test.tapOn_Change_Date_Test(Date_Time_widget_Test.java:36)
at java.base/jdk.internal.reflect.NativeMethodAccessorImpl.invoke0(Native Method)
at java.base/jdk.internal.reflect.NativeMethodAccessorImpl.invoke(NativeMethodAccessorImpl.java:62)
at java.base/jdk.internal.reflect.DelegatingMethodAccessorImpl.invoke(DelegatingMethodAccessorImpl.java:43)
at java.base/java.lang.reflect.Method.invoke(Method.java:566)
at org.testng.internal.invokers.MethodInvocationHelper.invokeMethod(MethodInvocationHelper.java:135)
at org.testng.internal.invokers.TestInvoker.invokeMethod(TestInvoker.java:673)
at org.testng.internal.invokers.TestInvoker.invokeTestMethod(TestInvoker.java:220)
at org.testng.internal.invokers.MethodRunner.runInSequence(MethodRunner.java:50)
at org.testng.internal.invokers.TestInvoker$MethodInvocationAgent.invoke(TestInvoker.java:945)
at org.testng.internal.invokers.TestInvoker.invokeTestMethods(TestInvoker.java:193)
at org.testng.internal.invokers.TestMethodWorker.invokeTestMethods(TestMethodWorker.java:146)
at org.testng.internal.invokers.TestMethodWorker.run(TestMethodWorker.java:128)
at java.base/java.util.ArrayList.forEach(ArrayList.java:1540)
at org.testng.TestRunner.privateRun(TestRunner.java:808)
at org.testng.TestRunner.run(TestRunner.java:603)
at org.testng.SuiteRunner.runTest(SuiteRunner.java:429)
at org.testng.SuiteRunner.runSequentially(SuiteRunner.java:423)
at org.testng.SuiteRunner.privateRun(SuiteRunner.java:383)
at org.testng.SuiteRunner.run(SuiteRunner.java:326)
at org.testng.SuiteRunnerWorker.runSuite(SuiteRunnerWorker.java:52)
at org.testng.SuiteRunnerWorker.run(SuiteRunnerWorker.java:95)
at org.testng.TestNG.runSuitesSequentially(TestNG.java:1249)
at org.testng.TestNG.runSuitesLocally(TestNG.java:1169)
at org.testng.TestNG.runSuites(TestNG.java:1092)
at org.testng.TestNG.run(TestNG.java:1060)
at org.testng.remote.AbstractRemoteTestNG.run(AbstractRemoteTestNG.java:115)
at org.testng.remote.RemoteTestNG.initAndRun(RemoteTestNG.java:251)
at org.testng.remote.RemoteTestNG.main(RemoteTestNG.java:77)
Caused by: org.openqa.selenium.TimeoutException: Expected condition failed: waiting for io.appium.java_client.pagefactory.AppiumElementLocator$WaitingFunction@7b2a3ff8 (tried for 1 second(s) with 500 milliseconds interval)
at org.openqa.selenium.support.ui.FluentWait.timeoutException(FluentWait.java:304)
at org.openqa.selenium.support.ui.FluentWait.until(FluentWait.java:272)
at io.appium.java_client.pagefactory.AppiumElementLocator.waitFor(AppiumElementLocator.java:99)
at io.appium.java_client.pagefactory.AppiumElementLocator.findElement(AppiumElementLocator.java:119)
... 32 more
Caused by: org.openqa.selenium.NoSuchElementException: Cannot locate an element using By.chained({By.xpath: //android.widget.Button[@text='O']})
For documentation on this error, please visit: https://www.seleniumhq.org/exceptions/no_such_element.html
Build info: version: '3.141.59', revision: 'e82be7d358', time: '2018-11-14T08:17:03'
System info: host: 'DESKTOP-4LBHP9U', ip: '192.168.3.2', os.name: 'Windows 10', os.arch: 'amd64', os.version: '10.0', java.version: '11.0.2'
Driver info: driver.version: AndroidDriver
at io.appium.java_client.pagefactory.bys.builder.ByChained.findElement(ByChained.java:74)
at org.openqa.selenium.remote.RemoteWebDriver.findElement(RemoteWebDriver.java:315)
at io.appium.java_client.DefaultGenericMobileDriver.findElement(DefaultGenericMobileDriver.java:57)
at io.appium.java_client.AppiumDriver.findElement(AppiumDriver.java:1)
at io.appium.java_client.android.AndroidDriver.findElement(AndroidDriver.java:1)
at io.appium.java_client.pagefactory.bys.ContentMappedBy.findElement(ContentMappedBy.java:50)
at org.openqa.selenium.remote.RemoteWebDriver.findElement(RemoteWebDriver.java:315)
at io.appium.java_client.DefaultGenericMobileDriver.findElement(DefaultGenericMobileDriver.java:57)
at io.appium.java_client.AppiumDriver.findElement(AppiumDriver.java:1)
at io.appium.java_client.android.AndroidDriver.findElement(AndroidDriver.java:1)
at io.appium.java_client.pagefactory.AppiumElementLocator.lambda$0(AppiumElementLocator.java:120)
at io.appium.java_client.pagefactory.AppiumElementLocator$WaitingFunction.apply(AppiumElementLocator.java:172)
at io.appium.java_client.pagefactory.AppiumElementLocator$WaitingFunction.apply(AppiumElementLocator.java:1)
at org.openqa.selenium.support.ui.FluentWait.until(FluentWait.java:249)
... 34 more
]]>
            </full-stacktrace>
          </exception> <!-- org.openqa.selenium.NoSuchElementException -->
          <reporter-output>
          </reporter-output>
        </test-method> <!-- tapOn_Change_Date_Test -->
        <test-method is-config="true" signature="tearDown()[pri:0, instance:com.apmdemo.testcases.Date_Time_widget_Test@750e2b97]" started-at="2022-06-23T13:10:08 IST" name="tearDown" finished-at="2022-06-23T13:10:12 IST" duration-ms="3802" status="PASS">
          <reporter-output>
          </reporter-output>
        </test-method> <!-- tearDown -->
        <test-method is-config="true" signature="setUp()[pri:0, instance:com.apmdemo.testcases.Date_Time_widget_Test@750e2b97]" started-at="2022-06-23T13:10:12 IST" name="setUp" finished-at="2022-06-23T13:10:29 IST" duration-ms="17128" status="PASS">
          <reporter-output>
          </reporter-output>
        </test-method> <!-- setUp -->
        <test-method signature="tapOn_Change_Time_Test()[pri:2, instance:com.apmdemo.testcases.Date_Time_widget_Test@750e2b97]" started-at="2022-06-23T13:10:29 IST" name="tapOn_Change_Time_Test" finished-at="2022-06-23T13:10:31 IST" duration-ms="1809" status="FAIL">
          <exception class="org.openqa.selenium.StaleElementReferenceException">
            <message>
              <![CDATA[androidx.test.uiautomator.StaleObjectException
For documentation on this error, please visit: https://www.seleniumhq.org/exceptions/stale_element_reference.html
Build info: version: '3.141.59', revision: 'e82be7d358', time: '2018-11-14T08:17:03'
System info: host: 'DESKTOP-4LBHP9U', ip: '192.168.3.2', os.name: 'Windows 10', os.arch: 'amd64', os.version: '10.0', java.version: '11.0.2'
Driver info: io.appium.java_client.android.AndroidDriver
Capabilities {app: C:\Users\admin\eclipse-work..., appPackage: io.appium.android.apis, automationName: uiautomator2, databaseEnabled: false, desired: {app: C:\Users\admin\eclipse-work..., automationName: uiautomator2, deviceName: Nokia 6, newCommandTimeout: 15, noReset: true, platformName: android}, deviceApiLevel: 28, deviceManufacturer: HUAWEI, deviceModel: LLD-AL10, deviceName: 9SF3Y18428061419, deviceScreenDensity: 480, deviceScreenSize: 1080x2160, deviceUDID: 9SF3Y18428061419, javascriptEnabled: true, locationContextEnabled: false, networkConnectionEnabled: true, newCommandTimeout: 15, noReset: true, pixelRatio: 3, platform: LINUX, platformName: Android, platformVersion: 9, statBarHeight: 72, takesScreenshot: true, viewportRect: {height: 1960, left: 0, top: 72, width: 1080}, warnings: {}, webStorageEnabled: false}
Session ID: 6e33e6ea-dae6-49bf-af72-e5c452f83cee]]>
            </message>
            <full-stacktrace>
              <![CDATA[org.openqa.selenium.StaleElementReferenceException: androidx.test.uiautomator.StaleObjectException
For documentation on this error, please visit: https://www.seleniumhq.org/exceptions/stale_element_reference.html
Build info: version: '3.141.59', revision: 'e82be7d358', time: '2018-11-14T08:17:03'
System info: host: 'DESKTOP-4LBHP9U', ip: '192.168.3.2', os.name: 'Windows 10', os.arch: 'amd64', os.version: '10.0', java.version: '11.0.2'
Driver info: io.appium.java_client.android.AndroidDriver
Capabilities {app: C:\Users\admin\eclipse-work..., appPackage: io.appium.android.apis, automationName: uiautomator2, databaseEnabled: false, desired: {app: C:\Users\admin\eclipse-work..., automationName: uiautomator2, deviceName: Nokia 6, newCommandTimeout: 15, noReset: true, platformName: android}, deviceApiLevel: 28, deviceManufacturer: HUAWEI, deviceModel: LLD-AL10, deviceName: 9SF3Y18428061419, deviceScreenDensity: 480, deviceScreenSize: 1080x2160, deviceUDID: 9SF3Y18428061419, javascriptEnabled: true, locationContextEnabled: false, networkConnectionEnabled: true, newCommandTimeout: 15, noReset: true, pixelRatio: 3, platform: LINUX, platformName: Android, platformVersion: 9, statBarHeight: 72, takesScreenshot: true, viewportRect: {height: 1960, left: 0, top: 72, width: 1080}, warnings: {}, webStorageEnabled: false}
Session ID: 6e33e6ea-dae6-49bf-af72-e5c452f83cee
at java.base/jdk.internal.reflect.NativeConstructorAccessorImpl.newInstance0(Native Method)
at java.base/jdk.internal.reflect.NativeConstructorAccessorImpl.newInstance(NativeConstructorAccessorImpl.java:62)
at java.base/jdk.internal.reflect.DelegatingConstructorAccessorImpl.newInstance(DelegatingConstructorAccessorImpl.java:45)
at java.base/java.lang.reflect.Constructor.newInstance(Constructor.java:490)
at org.openqa.selenium.remote.http.W3CHttpResponseCodec.createException(W3CHttpResponseCodec.java:187)
at org.openqa.selenium.remote.http.W3CHttpResponseCodec.decode(W3CHttpResponseCodec.java:122)
at org.openqa.selenium.remote.http.W3CHttpResponseCodec.decode(W3CHttpResponseCodec.java:49)
at org.openqa.selenium.remote.HttpCommandExecutor.execute(HttpCommandExecutor.java:158)
at io.appium.java_client.remote.AppiumCommandExecutor.execute(AppiumCommandExecutor.java:250)
at org.openqa.selenium.remote.RemoteWebDriver.execute(RemoteWebDriver.java:552)
at io.appium.java_client.DefaultGenericMobileDriver.execute(DefaultGenericMobileDriver.java:41)
at io.appium.java_client.AppiumDriver.execute(AppiumDriver.java:1)
at io.appium.java_client.android.AndroidDriver.execute(AndroidDriver.java:1)
at org.openqa.selenium.remote.RemoteWebElement.execute(RemoteWebElement.java:285)
at io.appium.java_client.DefaultGenericMobileElement.execute(DefaultGenericMobileElement.java:45)
at io.appium.java_client.MobileElement.execute(MobileElement.java:1)
at io.appium.java_client.android.AndroidElement.execute(AndroidElement.java:1)
at org.openqa.selenium.remote.RemoteWebElement.click(RemoteWebElement.java:84)
at java.base/jdk.internal.reflect.NativeMethodAccessorImpl.invoke0(Native Method)
at java.base/jdk.internal.reflect.NativeMethodAccessorImpl.invoke(NativeMethodAccessorImpl.java:62)
at java.base/jdk.internal.reflect.DelegatingMethodAccessorImpl.invoke(DelegatingMethodAccessorImpl.java:43)
at java.base/java.lang.reflect.Method.invoke(Method.java:566)
at io.appium.java_client.pagefactory.ElementInterceptor.getObject(ElementInterceptor.java:40)
at io.appium.java_client.pagefactory.interceptors.InterceptorOfASingleElement.intercept(InterceptorOfASingleElement.java:60)
at io.appium.java_client.android.AndroidElement$$EnhancerByCGLIB$$b598166c.click(<generated>)
at com.apmdemo.pages.Date_Time_widget.clickOn_Time(Date_Time_widget.java:77)
at com.apmdemo.testcases.Date_Time_widget_Test.tapOn_Change_Time_Test(Date_Time_widget_Test.java:42)
at java.base/jdk.internal.reflect.NativeMethodAccessorImpl.invoke0(Native Method)
at java.base/jdk.internal.reflect.NativeMethodAccessorImpl.invoke(NativeMethodAccessorImpl.java:62)
at java.base/jdk.internal.reflect.DelegatingMethodAccessorImpl.invoke(DelegatingMethodAccessorImpl.java:43)
at java.base/java.lang.reflect.Method.invoke(Method.java:566)
at org.testng.internal.invokers.MethodInvocationHelper.invokeMethod(MethodInvocationHelper.java:135)
at org.testng.internal.invokers.TestInvoker.invokeMethod(TestInvoker.java:673)
at org.testng.internal.invokers.TestInvoker.invokeTestMethod(TestInvoker.java:220)
at org.testng.internal.invokers.MethodRunner.runInSequence(MethodRunner.java:50)
at org.testng.internal.invokers.TestInvoker$MethodInvocationAgent.invoke(TestInvoker.java:945)
at org.testng.internal.invokers.TestInvoker.invokeTestMethods(TestInvoker.java:193)
at org.testng.internal.invokers.TestMethodWorker.invokeTestMethods(TestMethodWorker.java:146)
at org.testng.internal.invokers.TestMethodWorker.run(TestMethodWorker.java:128)
at java.base/java.util.ArrayList.forEach(ArrayList.java:1540)
at org.testng.TestRunner.privateRun(TestRunner.java:808)
at org.testng.TestRunner.run(TestRunner.java:603)
at org.testng.SuiteRunner.runTest(SuiteRunner.java:429)
at org.testng.SuiteRunner.runSequentially(SuiteRunner.java:423)
at org.testng.SuiteRunner.privateRun(SuiteRunner.java:383)
at org.testng.SuiteRunner.run(SuiteRunner.java:326)
at org.testng.SuiteRunnerWorker.runSuite(SuiteRunnerWorker.java:52)
at org.testng.SuiteRunnerWorker.run(SuiteRunnerWorker.java:95)
at org.testng.TestNG.runSuitesSequentially(TestNG.java:1249)
at org.testng.TestNG.runSuitesLocally(TestNG.java:1169)
at org.testng.TestNG.runSuites(TestNG.java:1092)
at org.testng.TestNG.run(TestNG.java:1060)
at org.testng.remote.AbstractRemoteTestNG.run(AbstractRemoteTestNG.java:115)
at org.testng.remote.RemoteTestNG.initAndRun(RemoteTestNG.java:251)
at org.testng.remote.RemoteTestNG.main(RemoteTestNG.java:77)
]]>
            </full-stacktrace>
          </exception> <!-- org.openqa.selenium.StaleElementReferenceException -->
          <reporter-output>
          </reporter-output>
        </test-method> <!-- tapOn_Change_Time_Test -->
        <test-method is-config="true" signature="tearDown()[pri:0, instance:com.apmdemo.testcases.Date_Time_widget_Test@750e2b97]" started-at="2022-06-23T13:10:32 IST" name="tearDown" finished-at="2022-06-23T13:10:36 IST" duration-ms="3694" status="PASS">
          <reporter-output>
          </reporter-output>
        </test-method> <!-- tearDown -->
      </class> <!-- com.apmdemo.testcases.Date_Time_widget_Test -->
      <class name="com.apmdemo.testcases.Expandable_List_Test">
        <test-method is-config="true" signature="setUp()[pri:0, instance:com.apmdemo.testcases.Expandable_List_Test@3646a422]" started-at="2022-06-23T13:09:17 IST" name="setUp" finished-at="2022-06-23T13:09:32 IST" duration-ms="15122" status="PASS">
          <reporter-output>
          </reporter-output>
        </test-method> <!-- setUp -->
        <test-method signature="tapOnExpandableListsTest()[pri:1, instance:com.apmdemo.testcases.Expandable_List_Test@3646a422]" started-at="2022-06-23T13:09:32 IST" name="tapOnExpandableListsTest" finished-at="2022-06-23T13:09:33 IST" duration-ms="1223" status="PASS">
          <reporter-output>
          </reporter-output>
        </test-method> <!-- tapOnExpandableListsTest -->
        <test-method is-config="true" signature="tearDown()[pri:0, instance:com.apmdemo.testcases.Expandable_List_Test@3646a422]" started-at="2022-06-23T13:09:33 IST" name="tearDown" finished-at="2022-06-23T13:09:37 IST" duration-ms="3594" status="PASS">
          <reporter-output>
          </reporter-output>
        </test-method> <!-- tearDown -->
      </class> <!-- com.apmdemo.testcases.Expandable_List_Test -->
      <class name="com.apmdemo.testcases.LongPress_PeopleName_Enable_Alert_Test">
        <test-method is-config="true" signature="setUp()[pri:0, instance:com.apmdemo.testcases.LongPress_PeopleName_Enable_Alert_Test@2ddc9a9f]" started-at="2022-06-23T13:11:30 IST" name="setUp" finished-at="2022-06-23T13:11:48 IST" duration-ms="18168" status="PASS">
          <reporter-output>
          </reporter-output>
        </test-method> <!-- setUp -->
        <test-method signature="longPress_Open_Menu_Test()[pri:1, instance:com.apmdemo.testcases.LongPress_PeopleName_Enable_Alert_Test@2ddc9a9f]" started-at="2022-06-23T13:11:48 IST" name="longPress_Open_Menu_Test" finished-at="2022-06-23T13:11:52 IST" duration-ms="3951" status="PASS">
          <reporter-output>
          </reporter-output>
        </test-method> <!-- longPress_Open_Menu_Test -->
        <test-method is-config="true" signature="tearDown()[pri:0, instance:com.apmdemo.testcases.LongPress_PeopleName_Enable_Alert_Test@2ddc9a9f]" started-at="2022-06-23T13:11:52 IST" name="tearDown" finished-at="2022-06-23T13:11:55 IST" duration-ms="3697" status="PASS">
          <reporter-output>
          </reporter-output>
        </test-method> <!-- tearDown -->
      </class> <!-- com.apmdemo.testcases.LongPress_PeopleName_Enable_Alert_Test -->
      <class name="com.apmdemo.testcases.Drag_and_Drop_Test">
        <test-method is-config="true" signature="setUp()[pri:0, instance:com.apmdemo.testcases.Drag_and_Drop_Test@2a7f1f10]" started-at="2022-06-23T13:12:14 IST" name="setUp" finished-at="2022-06-23T13:12:30 IST" duration-ms="16090" status="PASS">
          <reporter-output>
          </reporter-output>
        </test-method> <!-- setUp -->
        <test-method signature="longpress_Drag_and_DropTest()[pri:1, instance:com.apmdemo.testcases.Drag_and_Drop_Test@2a7f1f10]" started-at="2022-06-23T13:12:30 IST" name="longpress_Drag_and_DropTest" finished-at="2022-06-23T13:12:37 IST" duration-ms="6887" status="PASS">
          <reporter-output>
          </reporter-output>
        </test-method> <!-- longpress_Drag_and_DropTest -->
        <test-method is-config="true" signature="tearDown()[pri:0, instance:com.apmdemo.testcases.Drag_and_Drop_Test@2a7f1f10]" started-at="2022-06-23T13:12:37 IST" name="tearDown" finished-at="2022-06-23T13:12:41 IST" duration-ms="3666" status="PASS">
          <reporter-output>
          </reporter-output>
        </test-method> <!-- tearDown -->
      </class> <!-- com.apmdemo.testcases.Drag_and_Drop_Test -->
    </test> <!-- Test -->
  </suite> <!-- Suite -->
</testng-results>
